TN:
SF:C:\Users\Dan\Documents\alchemy\career-track\labs\lab-16-ripe-banana\lib\app.js
FNF:0
FNH:0
DA:1,5
DA:2,5
DA:4,5
DA:6,5
DA:7,5
DA:8,5
DA:9,5
DA:10,5
DA:12,5
DA:13,5
DA:15,5
LF:11
LH:11
BRF:0
BRH:0
end_of_record
TN:
SF:C:\Users\Dan\Documents\alchemy\career-track\labs\lab-16-ripe-banana\lib\middleware\error.js
FN:4,(anonymous_0)
FNF:1
FNH:0
FNDA:0,(anonymous_0)
DA:1,5
DA:4,5
DA:5,0
DA:7,0
DA:9,0
DA:12,0
DA:14,0
DA:16,0
LF:8
LH:2
BRDA:5,0,0,0
BRDA:5,0,1,0
BRDA:7,1,0,0
BRDA:7,1,1,0
BRDA:7,2,0,0
BRDA:7,2,1,0
BRF:6
BRH:0
end_of_record
TN:
SF:C:\Users\Dan\Documents\alchemy\career-track\labs\lab-16-ripe-banana\lib\middleware\not-found.js
FN:1,(anonymous_0)
FNF:1
FNH:0
FNDA:0,(anonymous_0)
DA:1,5
DA:2,0
DA:3,0
DA:4,0
LF:4
LH:1
BRF:0
BRH:0
end_of_record
TN:
SF:C:\Users\Dan\Documents\alchemy\career-track\labs\lab-16-ripe-banana\lib\models\Actor.js
FN:18,(anonymous_0)
FN:25,(anonymous_1)
FN:28,(anonymous_2)
FNF:3
FNH:3
FNDA:1,(anonymous_0)
FNDA:1,(anonymous_1)
FNDA:1,(anonymous_2)
DA:1,7
DA:3,7
DA:12,7
DA:18,7
DA:19,1
DA:25,7
DA:26,1
DA:27,1
DA:28,1
DA:29,1
DA:33,7
LF:11
LH:11
BRF:0
BRH:0
end_of_record
TN:
SF:C:\Users\Dan\Documents\alchemy\career-track\labs\lab-16-ripe-banana\lib\models\Film.js
FN:29,(anonymous_0)
FNF:1
FNH:1
FNDA:1,(anonymous_0)
DA:1,7
DA:3,7
DA:29,7
DA:30,1
DA:44,7
LF:5
LH:5
BRF:0
BRH:0
end_of_record
TN:
SF:C:\Users\Dan\Documents\alchemy\career-track\labs\lab-16-ripe-banana\lib\models\Review.js
FNF:0
FNH:0
DA:1,6
DA:3,6
DA:27,6
LF:3
LH:3
BRF:0
BRH:0
end_of_record
TN:
SF:C:\Users\Dan\Documents\alchemy\career-track\labs\lab-16-ripe-banana\lib\models\Reviewer.js
FN:14,(anonymous_0)
FNF:1
FNH:1
FNDA:1,(anonymous_0)
DA:1,7
DA:3,7
DA:14,7
DA:15,1
DA:27,7
LF:5
LH:5
BRF:0
BRH:0
end_of_record
TN:
SF:C:\Users\Dan\Documents\alchemy\career-track\labs\lab-16-ripe-banana\lib\models\Studio.js
FNF:0
FNH:0
DA:1,8
DA:3,8
DA:15,8
DA:21,8
LF:4
LH:4
BRF:0
BRH:0
end_of_record
TN:
SF:C:\Users\Dan\Documents\alchemy\career-track\labs\lab-16-ripe-banana\lib\routes\actors.js
FN:6,(anonymous_0)
FN:10,(anonymous_1)
FN:13,(anonymous_2)
FN:16,(anonymous_3)
FNF:4
FNH:4
FNDA:1,(anonymous_0)
FNDA:1,(anonymous_1)
FNDA:1,(anonymous_2)
FNDA:1,(anonymous_3)
DA:1,5
DA:2,5
DA:3,5
DA:5,5
DA:7,1
DA:10,1
DA:14,1
DA:17,1
DA:18,1
LF:9
LH:9
BRF:0
BRH:0
end_of_record
TN:
SF:C:\Users\Dan\Documents\alchemy\career-track\labs\lab-16-ripe-banana\lib\routes\films.js
FN:5,(anonymous_0)
FN:10,(anonymous_1)
FN:13,(anonymous_2)
FN:16,(anonymous_3)
FNF:4
FNH:4
FNDA:1,(anonymous_0)
FNDA:1,(anonymous_1)
FNDA:1,(anonymous_2)
FNDA:1,(anonymous_3)
DA:1,5
DA:2,5
DA:4,5
DA:6,1
DA:10,1
DA:14,1
DA:17,1
DA:18,1
LF:8
LH:8
BRF:0
BRH:0
end_of_record
TN:
SF:C:\Users\Dan\Documents\alchemy\career-track\labs\lab-16-ripe-banana\lib\routes\reviewers.js
FN:5,(anonymous_0)
FN:9,(anonymous_1)
FN:12,(anonymous_2)
FN:15,(anonymous_3)
FNF:4
FNH:4
FNDA:1,(anonymous_0)
FNDA:1,(anonymous_1)
FNDA:1,(anonymous_2)
FNDA:1,(anonymous_3)
DA:1,5
DA:2,5
DA:4,5
DA:6,1
DA:9,1
DA:13,1
DA:16,1
DA:17,1
LF:8
LH:8
BRF:0
BRH:0
end_of_record
TN:
SF:C:\Users\Dan\Documents\alchemy\career-track\labs\lab-16-ripe-banana\lib\routes\reviews.js
FN:5,(anonymous_0)
FN:12,(anonymous_1)
FNF:2
FNH:2
FNDA:3,(anonymous_0)
FNDA:3,(anonymous_1)
DA:1,5
DA:2,5
DA:4,5
DA:6,3
DA:12,3
LF:5
LH:5
BRF:0
BRH:0
end_of_record
TN:
SF:C:\Users\Dan\Documents\alchemy\career-track\labs\lab-16-ripe-banana\lib\routes\studios.js
FN:5,(anonymous_0)
FN:9,(anonymous_1)
FN:12,(anonymous_2)
FN:18,(anonymous_3)
FN:19,(anonymous_4)
FNF:5
FNH:5
FNDA:1,(anonymous_0)
FNDA:1,(anonymous_1)
FNDA:1,(anonymous_2)
FNDA:1,(anonymous_3)
FNDA:1,(anonymous_4)
DA:1,5
DA:2,5
DA:4,5
DA:6,1
DA:9,1
DA:13,1
DA:19,1
DA:20,1
DA:22,1
LF:9
LH:9
BRF:0
BRH:0
end_of_record
TN:
SF:C:\Users\Dan\Documents\alchemy\career-track\labs\lab-16-ripe-banana\lib\utils\connect.js
FN:4,(anonymous_0)
FN:12,(anonymous_1)
FN:18,(anonymous_2)
FN:22,(anonymous_3)
FNF:4
FNH:3
FNDA:5,(anonymous_0)
FNDA:5,(anonymous_1)
FNDA:5,(anonymous_2)
FNDA:0,(anonymous_3)
DA:1,5
DA:2,5
DA:4,5
DA:5,5
DA:12,5
DA:13,5
DA:14,5
DA:15,5
DA:18,5
DA:19,5
DA:22,5
DA:23,0
LF:12
LH:11
BRDA:4,0,0,5
BRF:1
BRH:1
end_of_record
